<?xml version="1.0" encoding="UTF-8"?>
<!-- Generated by org.testng.reporters.JUnitReportReporter -->
<testsuite hostname="DESKTOP-T66DB6V" failures="0" tests="1" name="com.Automation.TestCases.sample" time="8.194" errors="0" timestamp="2023-01-03T21:05:20 IST" skipped="0">
  <testcase classname="com.Automation.TestCases.sample" name="main" time="8.194"/>
  <system-out/>
</testsuite> <!-- com.Automation.TestCases.sample -->
