<?xml version="1.0" encoding="UTF-8"?>
<!-- Generated by org.testng.reporters.JUnitReportReporter -->
<testsuite hostname="DESKTOP-T66DB6V" failures="0" tests="1" name="com.Automation.TestCases.E2E_01" time="16.339" errors="0" timestamp="2023-01-24T13:33:38 IST" skipped="0">
  <testcase classname="com.Automation.TestCases.E2E_01" name="test" time="16.339"/>
  <system-out/>
</testsuite> <!-- com.Automation.TestCases.E2E_01 -->
